2021-08-22 14:08:18.685  INFO 26900 --- [main] com.example.demo.DemoApplication         : Starting DemoApplication using Java 16.0.2 on DESKTOP-6JICA1R with PID 26900 (E:\phase1 Orange kabs'\HR-System-SpringBoot\target\classes started by Nada Eletr in E:\phase1 Orange kabs'\HR-System-SpringBoot)
2021-08-22 14:08:18.693  INFO 26900 --- [main] com.example.demo.DemoApplication         : No active profile set, falling back to default profiles: default
2021-08-22 14:08:19.340  INFO 26900 --- [main] .s.d.r.c.RepositoryConfigurationDelegate : Bootstrapping Spring Data JPA repositories in DEFAULT mode.
2021-08-22 14:08:19.396  INFO 26900 --- [main] .s.d.r.c.RepositoryConfigurationDelegate : Finished Spring Data repository scanning in 46 ms. Found 3 JPA repository interfaces.
2021-08-22 14:08:19.749  INFO 26900 --- [main] o.s.b.w.embedded.tomcat.TomcatWebServer  : Tomcat initialized with port(s): 8080 (http)
2021-08-22 14:08:19.765  INFO 26900 --- [main] o.apache.catalina.core.StandardService   : Starting service [Tomcat]
2021-08-22 14:08:19.765  INFO 26900 --- [main] org.apache.catalina.core.StandardEngine  : Starting Servlet engine: [Apache Tomcat/9.0.50]
2021-08-22 14:08:19.843  INFO 26900 --- [main] o.a.c.c.C.[Tomcat].[localhost].[/]       : Initializing Spring embedded WebApplicationContext
2021-08-22 14:08:19.843  INFO 26900 --- [main] w.s.c.ServletWebServerApplicationContext : Root WebApplicationContext: initialization completed in 1086 ms
2021-08-22 14:08:19.992  INFO 26900 --- [main] o.hibernate.jpa.internal.util.LogHelper  : HHH000204: Processing PersistenceUnitInfo [name: default]
2021-08-22 14:08:20.057  INFO 26900 --- [main] org.hibernate.Version                    : HHH000412: Hibernate ORM core version 5.4.32.Final
2021-08-22 14:08:20.190  INFO 26900 --- [main] o.hibernate.annotations.common.Version   : HCANN000001: Hibernate Commons Annotations {5.1.2.Final}
2021-08-22 14:08:20.265  INFO 26900 --- [main] com.zaxxer.hikari.HikariDataSource       : HikariPool-1 - Starting...
2021-08-22 14:08:20.569  INFO 26900 --- [main] com.zaxxer.hikari.HikariDataSource       : HikariPool-1 - Start completed.
2021-08-22 14:08:20.584  INFO 26900 --- [main] org.hibernate.dialect.Dialect            : HHH000400: Using dialect: org.hibernate.dialect.MySQL8Dialect
2021-08-22 14:08:21.477  INFO 26900 --- [main] o.h.e.t.j.p.i.JtaPlatformInitiator       : HHH000490: Using JtaPlatform implementation: [org.hibernate.engine.transaction.jta.platform.internal.NoJtaPlatform]
2021-08-22 14:08:21.483  INFO 26900 --- [main] j.LocalContainerEntityManagerFactoryBean : Initialized JPA EntityManagerFactory for persistence unit 'default'
2021-08-22 14:08:22.061  INFO 26900 --- [main] o.s.b.w.embedded.tomcat.TomcatWebServer  : Tomcat started on port(s): 8080 (http) with context path ''
2021-08-22 14:08:22.068  INFO 26900 --- [main] com.example.demo.DemoApplication         : Started DemoApplication in 3.764 seconds (JVM running for 4.634)
2021-08-22 14:08:26.082  INFO 26900 --- [http-nio-8080-exec-3] o.a.c.c.C.[Tomcat].[localhost].[/]       : Initializing Spring DispatcherServlet 'dispatcherServlet'
2021-08-22 14:08:26.082  INFO 26900 --- [http-nio-8080-exec-3] o.s.web.servlet.DispatcherServlet        : Initializing Servlet 'dispatcherServlet'
2021-08-22 14:08:26.083  INFO 26900 --- [http-nio-8080-exec-3] o.s.web.servlet.DispatcherServlet        : Completed initialization in 1 ms
2021-08-22 14:12:41.230  INFO 24684 --- [main] com.example.demo.DemoApplication         : Starting DemoApplication using Java 16.0.2 on DESKTOP-6JICA1R with PID 24684 (E:\phase1 Orange kabs'\HR-System-SpringBoot\target\classes started by Nada Eletr in E:\phase1 Orange kabs'\HR-System-SpringBoot)
2021-08-22 14:12:41.233  INFO 24684 --- [main] com.example.demo.DemoApplication         : No active profile set, falling back to default profiles: default
2021-08-22 14:12:41.764  INFO 24684 --- [main] .s.d.r.c.RepositoryConfigurationDelegate : Bootstrapping Spring Data JPA repositories in DEFAULT mode.
2021-08-22 14:12:41.802  INFO 24684 --- [main] .s.d.r.c.RepositoryConfigurationDelegate : Finished Spring Data repository scanning in 32 ms. Found 3 JPA repository interfaces.
2021-08-22 14:12:42.087  INFO 24684 --- [main] o.s.b.w.embedded.tomcat.TomcatWebServer  : Tomcat initialized with port(s): 8080 (http)
2021-08-22 14:12:42.103  INFO 24684 --- [main] o.apache.catalina.core.StandardService   : Starting service [Tomcat]
2021-08-22 14:12:42.103  INFO 24684 --- [main] org.apache.catalina.core.StandardEngine  : Starting Servlet engine: [Apache Tomcat/9.0.50]
2021-08-22 14:12:42.181  INFO 24684 --- [main] o.a.c.c.C.[Tomcat].[localhost].[/]       : Initializing Spring embedded WebApplicationContext
2021-08-22 14:12:42.181  INFO 24684 --- [main] w.s.c.ServletWebServerApplicationContext : Root WebApplicationContext: initialization completed in 911 ms
2021-08-22 14:12:42.276  INFO 24684 --- [main] o.hibernate.jpa.internal.util.LogHelper  : HHH000204: Processing PersistenceUnitInfo [name: default]
2021-08-22 14:12:42.307  INFO 24684 --- [main] org.hibernate.Version                    : HHH000412: Hibernate ORM core version 5.4.32.Final
2021-08-22 14:12:42.378  INFO 24684 --- [main] o.hibernate.annotations.common.Version   : HCANN000001: Hibernate Commons Annotations {5.1.2.Final}
2021-08-22 14:12:42.425  INFO 24684 --- [main] com.zaxxer.hikari.HikariDataSource       : HikariPool-1 - Starting...
2021-08-22 14:12:42.629  INFO 24684 --- [main] com.zaxxer.hikari.HikariDataSource       : HikariPool-1 - Start completed.
2021-08-22 14:12:42.645  INFO 24684 --- [main] org.hibernate.dialect.Dialect            : HHH000400: Using dialect: org.hibernate.dialect.MySQL8Dialect
2021-08-22 14:12:43.277  INFO 24684 --- [main] o.h.e.t.j.p.i.JtaPlatformInitiator       : HHH000490: Using JtaPlatform implementation: [org.hibernate.engine.transaction.jta.platform.internal.NoJtaPlatform]
2021-08-22 14:12:43.287  INFO 24684 --- [main] j.LocalContainerEntityManagerFactoryBean : Initialized JPA EntityManagerFactory for persistence unit 'default'
2021-08-22 14:12:43.961  INFO 24684 --- [main] o.s.b.w.embedded.tomcat.TomcatWebServer  : Tomcat started on port(s): 8080 (http) with context path ''
2021-08-22 14:12:43.968  INFO 24684 --- [main] com.example.demo.DemoApplication         : Started DemoApplication in 3.017 seconds (JVM running for 3.452)
2021-08-22 14:12:49.943  INFO 9228 --- [main] com.example.demo.DemoApplication         : Starting DemoApplication using Java 16.0.2 on DESKTOP-6JICA1R with PID 9228 (E:\phase1 Orange kabs'\HR-System-SpringBoot\target\classes started by Nada Eletr in E:\phase1 Orange kabs'\HR-System-SpringBoot)
2021-08-22 14:12:49.946  INFO 9228 --- [main] com.example.demo.DemoApplication         : No active profile set, falling back to default profiles: default
2021-08-22 14:12:50.388  INFO 9228 --- [main] .s.d.r.c.RepositoryConfigurationDelegate : Bootstrapping Spring Data JPA repositories in DEFAULT mode.
2021-08-22 14:12:50.419  INFO 9228 --- [main] .s.d.r.c.RepositoryConfigurationDelegate : Finished Spring Data repository scanning in 29 ms. Found 3 JPA repository interfaces.
2021-08-22 14:12:50.702  INFO 9228 --- [main] o.s.b.w.embedded.tomcat.TomcatWebServer  : Tomcat initialized with port(s): 8080 (http)
2021-08-22 14:12:50.702  INFO 9228 --- [main] o.apache.catalina.core.StandardService   : Starting service [Tomcat]
2021-08-22 14:12:50.702  INFO 9228 --- [main] org.apache.catalina.core.StandardEngine  : Starting Servlet engine: [Apache Tomcat/9.0.50]
2021-08-22 14:12:50.766  INFO 9228 --- [main] o.a.c.c.C.[Tomcat].[localhost].[/]       : Initializing Spring embedded WebApplicationContext
2021-08-22 14:12:50.781  INFO 9228 --- [main] w.s.c.ServletWebServerApplicationContext : Root WebApplicationContext: initialization completed in 795 ms
2021-08-22 14:12:50.875  INFO 9228 --- [main] o.hibernate.jpa.internal.util.LogHelper  : HHH000204: Processing PersistenceUnitInfo [name: default]
2021-08-22 14:12:50.891  INFO 9228 --- [main] org.hibernate.Version                    : HHH000412: Hibernate ORM core version 5.4.32.Final
2021-08-22 14:12:50.969  INFO 9228 --- [main] o.hibernate.annotations.common.Version   : HCANN000001: Hibernate Commons Annotations {5.1.2.Final}
2021-08-22 14:12:51.031  INFO 9228 --- [main] com.zaxxer.hikari.HikariDataSource       : HikariPool-1 - Starting...
2021-08-22 14:12:51.224  INFO 9228 --- [main] com.zaxxer.hikari.HikariDataSource       : HikariPool-1 - Start completed.
2021-08-22 14:12:51.236  INFO 9228 --- [main] org.hibernate.dialect.Dialect            : HHH000400: Using dialect: org.hibernate.dialect.MySQL8Dialect
2021-08-22 14:12:51.715  INFO 9228 --- [main] o.h.e.t.j.p.i.JtaPlatformInitiator       : HHH000490: Using JtaPlatform implementation: [org.hibernate.engine.transaction.jta.platform.internal.NoJtaPlatform]
2021-08-22 14:12:51.723  INFO 9228 --- [main] j.LocalContainerEntityManagerFactoryBean : Initialized JPA EntityManagerFactory for persistence unit 'default'
2021-08-22 14:12:52.236  INFO 9228 --- [main] o.s.b.w.embedded.tomcat.TomcatWebServer  : Tomcat started on port(s): 8080 (http) with context path ''
2021-08-22 14:12:52.252  INFO 9228 --- [main] com.example.demo.DemoApplication         : Started DemoApplication in 2.699 seconds (JVM running for 3.23)
2021-08-22 14:12:58.438  INFO 9228 --- [http-nio-8080-exec-1] o.a.c.c.C.[Tomcat].[localhost].[/]       : Initializing Spring DispatcherServlet 'dispatcherServlet'
2021-08-22 14:12:58.438  INFO 9228 --- [http-nio-8080-exec-1] o.s.web.servlet.DispatcherServlet        : Initializing Servlet 'dispatcherServlet'
2021-08-22 14:12:58.439  INFO 9228 --- [http-nio-8080-exec-1] o.s.web.servlet.DispatcherServlet        : Completed initialization in 0 ms
2021-08-22 14:14:08.607  INFO 20696 --- [main] com.example.demo.DemoApplication         : Starting DemoApplication using Java 16.0.2 on DESKTOP-6JICA1R with PID 20696 (E:\phase1 Orange kabs'\HR-System-SpringBoot\target\classes started by Nada Eletr in E:\phase1 Orange kabs'\HR-System-SpringBoot)
2021-08-22 14:14:08.623  INFO 20696 --- [main] com.example.demo.DemoApplication         : No active profile set, falling back to default profiles: default
2021-08-22 14:14:09.026  INFO 20696 --- [main] .s.d.r.c.RepositoryConfigurationDelegate : Bootstrapping Spring Data JPA repositories in DEFAULT mode.
2021-08-22 14:14:09.057  INFO 20696 --- [main] .s.d.r.c.RepositoryConfigurationDelegate : Finished Spring Data repository scanning in 29 ms. Found 3 JPA repository interfaces.
2021-08-22 14:14:09.340  INFO 20696 --- [main] o.s.b.w.embedded.tomcat.TomcatWebServer  : Tomcat initialized with port(s): 8080 (http)
2021-08-22 14:14:09.340  INFO 20696 --- [main] o.apache.catalina.core.StandardService   : Starting service [Tomcat]
2021-08-22 14:14:09.340  INFO 20696 --- [main] org.apache.catalina.core.StandardEngine  : Starting Servlet engine: [Apache Tomcat/9.0.50]
2021-08-22 14:14:09.418  INFO 20696 --- [main] o.a.c.c.C.[Tomcat].[localhost].[/]       : Initializing Spring embedded WebApplicationContext
2021-08-22 14:14:09.418  INFO 20696 --- [main] w.s.c.ServletWebServerApplicationContext : Root WebApplicationContext: initialization completed in 758 ms
2021-08-22 14:14:09.527  INFO 20696 --- [main] o.hibernate.jpa.internal.util.LogHelper  : HHH000204: Processing PersistenceUnitInfo [name: default]
2021-08-22 14:14:09.543  INFO 20696 --- [main] org.hibernate.Version                    : HHH000412: Hibernate ORM core version 5.4.32.Final
2021-08-22 14:14:09.607  INFO 20696 --- [main] o.hibernate.annotations.common.Version   : HCANN000001: Hibernate Commons Annotations {5.1.2.Final}
2021-08-22 14:14:09.669  INFO 20696 --- [main] com.zaxxer.hikari.HikariDataSource       : HikariPool-1 - Starting...
2021-08-22 14:14:09.874  INFO 20696 --- [main] com.zaxxer.hikari.HikariDataSource       : HikariPool-1 - Start completed.
2021-08-22 14:14:09.889  INFO 20696 --- [main] org.hibernate.dialect.Dialect            : HHH000400: Using dialect: org.hibernate.dialect.MySQL8Dialect
2021-08-22 14:14:10.561  INFO 20696 --- [main] o.h.e.t.j.p.i.JtaPlatformInitiator       : HHH000490: Using JtaPlatform implementation: [org.hibernate.engine.transaction.jta.platform.internal.NoJtaPlatform]
2021-08-22 14:14:10.577  INFO 20696 --- [main] j.LocalContainerEntityManagerFactoryBean : Initialized JPA EntityManagerFactory for persistence unit 'default'
2021-08-22 14:14:11.064  INFO 20696 --- [main] o.s.b.w.embedded.tomcat.TomcatWebServer  : Tomcat started on port(s): 8080 (http) with context path ''
2021-08-22 14:14:11.080  INFO 20696 --- [main] com.example.demo.DemoApplication         : Started DemoApplication in 2.982 seconds (JVM running for 3.799)
2021-08-22 14:14:17.047  INFO 20696 --- [http-nio-8080-exec-3] o.a.c.c.C.[Tomcat].[localhost].[/]       : Initializing Spring DispatcherServlet 'dispatcherServlet'
2021-08-22 14:14:17.047  INFO 20696 --- [http-nio-8080-exec-3] o.s.web.servlet.DispatcherServlet        : Initializing Servlet 'dispatcherServlet'
2021-08-22 14:14:17.048  INFO 20696 --- [http-nio-8080-exec-3] o.s.web.servlet.DispatcherServlet        : Completed initialization in 1 ms
2021-08-22 14:16:34.296  INFO 21780 --- [main] c.e.d.IntegerationTests.EmployeeTests    : Starting EmployeeTests using Java 16.0.2 on DESKTOP-6JICA1R with PID 21780 (started by Nada Eletr in E:\phase1 Orange kabs'\HR-System-SpringBoot)
2021-08-22 14:16:34.296  INFO 21780 --- [main] c.e.d.IntegerationTests.EmployeeTests    : No active profile set, falling back to default profiles: default
2021-08-22 14:16:35.088  INFO 21780 --- [main] .s.d.r.c.RepositoryConfigurationDelegate : Bootstrapping Spring Data JPA repositories in DEFAULT mode.
2021-08-22 14:16:35.137  INFO 21780 --- [main] .s.d.r.c.RepositoryConfigurationDelegate : Finished Spring Data repository scanning in 43 ms. Found 3 JPA repository interfaces.
2021-08-22 14:16:35.834  INFO 21780 --- [main] o.s.b.w.embedded.tomcat.TomcatWebServer  : Tomcat initialized with port(s): 0 (http)
2021-08-22 14:16:35.850  INFO 21780 --- [main] o.apache.catalina.core.StandardService   : Starting service [Tomcat]
2021-08-22 14:16:35.850  INFO 21780 --- [main] org.apache.catalina.core.StandardEngine  : Starting Servlet engine: [Apache Tomcat/9.0.50]
2021-08-22 14:16:35.959  INFO 21780 --- [main] o.a.c.c.C.[Tomcat].[localhost].[/]       : Initializing Spring embedded WebApplicationContext
2021-08-22 14:16:35.959  INFO 21780 --- [main] w.s.c.ServletWebServerApplicationContext : Root WebApplicationContext: initialization completed in 1647 ms
2021-08-22 14:16:36.225  INFO 21780 --- [main] o.hibernate.jpa.internal.util.LogHelper  : HHH000204: Processing PersistenceUnitInfo [name: default]
2021-08-22 14:16:36.272  INFO 21780 --- [main] org.hibernate.Version                    : HHH000412: Hibernate ORM core version 5.4.32.Final
2021-08-22 14:16:36.412  INFO 21780 --- [main] o.hibernate.annotations.common.Version   : HCANN000001: Hibernate Commons Annotations {5.1.2.Final}
2021-08-22 14:16:36.522  INFO 21780 --- [main] com.zaxxer.hikari.HikariDataSource       : HikariPool-1 - Starting...
2021-08-22 14:16:36.959  INFO 21780 --- [main] com.zaxxer.hikari.HikariDataSource       : HikariPool-1 - Start completed.
2021-08-22 14:16:36.975  INFO 21780 --- [main] org.hibernate.dialect.Dialect            : HHH000400: Using dialect: org.hibernate.dialect.MySQL8Dialect
2021-08-22 14:16:37.954  INFO 21780 --- [main] o.h.e.t.j.p.i.JtaPlatformInitiator       : HHH000490: Using JtaPlatform implementation: [org.hibernate.engine.transaction.jta.platform.internal.NoJtaPlatform]
2021-08-22 14:16:37.954  INFO 21780 --- [main] j.LocalContainerEntityManagerFactoryBean : Initialized JPA EntityManagerFactory for persistence unit 'default'
2021-08-22 14:16:39.050  INFO 21780 --- [main] o.a.c.c.C.[Tomcat].[localhost].[/]       : Initializing Spring TestDispatcherServlet ''
2021-08-22 14:16:39.050  INFO 21780 --- [main] o.s.t.web.servlet.TestDispatcherServlet  : Initializing Servlet ''
2021-08-22 14:16:39.050  INFO 21780 --- [main] o.s.t.web.servlet.TestDispatcherServlet  : Completed initialization in 0 ms
2021-08-22 14:16:39.097  INFO 21780 --- [main] o.s.b.w.embedded.tomcat.TomcatWebServer  : Tomcat started on port(s): 49956 (http) with context path ''
2021-08-22 14:16:39.097  INFO 21780 --- [main] c.e.d.IntegerationTests.EmployeeTests    : Started EmployeeTests in 5.162 seconds (JVM running for 6.281)
2021-08-22 14:16:39.662  INFO 21780 --- [SpringApplicationShutdownHook] j.LocalContainerEntityManagerFactoryBean : Closing JPA EntityManagerFactory for persistence unit 'default'
2021-08-22 14:16:39.662  INFO 21780 --- [SpringApplicationShutdownHook] com.zaxxer.hikari.HikariDataSource       : HikariPool-1 - Shutdown initiated...
2021-08-22 14:16:39.677  INFO 21780 --- [SpringApplicationShutdownHook] com.zaxxer.hikari.HikariDataSource       : HikariPool-1 - Shutdown completed.
2021-08-22 14:16:52.058  INFO 22676 --- [main] c.e.d.IntegerationTests.EmployeeTests    : Starting EmployeeTests using Java 16.0.2 on DESKTOP-6JICA1R with PID 22676 (started by Nada Eletr in E:\phase1 Orange kabs'\HR-System-SpringBoot)
2021-08-22 14:16:52.058  INFO 22676 --- [main] c.e.d.IntegerationTests.EmployeeTests    : No active profile set, falling back to default profiles: default
2021-08-22 14:16:52.643  INFO 22676 --- [main] .s.d.r.c.RepositoryConfigurationDelegate : Bootstrapping Spring Data JPA repositories in DEFAULT mode.
2021-08-22 14:16:52.705  INFO 22676 --- [main] .s.d.r.c.RepositoryConfigurationDelegate : Finished Spring Data repository scanning in 52 ms. Found 3 JPA repository interfaces.
2021-08-22 14:16:53.369  INFO 22676 --- [main] o.s.b.w.embedded.tomcat.TomcatWebServer  : Tomcat initialized with port(s): 0 (http)
2021-08-22 14:16:53.369  INFO 22676 --- [main] o.apache.catalina.core.StandardService   : Starting service [Tomcat]
2021-08-22 14:16:53.369  INFO 22676 --- [main] org.apache.catalina.core.StandardEngine  : Starting Servlet engine: [Apache Tomcat/9.0.50]
2021-08-22 14:16:53.480  INFO 22676 --- [main] o.a.c.c.C.[Tomcat].[localhost].[/]       : Initializing Spring embedded WebApplicationContext
2021-08-22 14:16:53.480  INFO 22676 --- [main] w.s.c.ServletWebServerApplicationContext : Root WebApplicationContext: initialization completed in 1409 ms
2021-08-22 14:16:53.747  INFO 22676 --- [main] o.hibernate.jpa.internal.util.LogHelper  : HHH000204: Processing PersistenceUnitInfo [name: default]
2021-08-22 14:16:53.795  INFO 22676 --- [main] org.hibernate.Version                    : HHH000412: Hibernate ORM core version 5.4.32.Final
2021-08-22 14:16:53.920  INFO 22676 --- [main] o.hibernate.annotations.common.Version   : HCANN000001: Hibernate Commons Annotations {5.1.2.Final}
2021-08-22 14:16:54.031  INFO 22676 --- [main] com.zaxxer.hikari.HikariDataSource       : HikariPool-1 - Starting...
2021-08-22 14:16:54.360  INFO 22676 --- [main] com.zaxxer.hikari.HikariDataSource       : HikariPool-1 - Start completed.
2021-08-22 14:16:54.376  INFO 22676 --- [main] org.hibernate.dialect.Dialect            : HHH000400: Using dialect: org.hibernate.dialect.MySQL8Dialect
2021-08-22 14:16:55.260  INFO 22676 --- [main] o.h.e.t.j.p.i.JtaPlatformInitiator       : HHH000490: Using JtaPlatform implementation: [org.hibernate.engine.transaction.jta.platform.internal.NoJtaPlatform]
2021-08-22 14:16:55.275  INFO 22676 --- [main] j.LocalContainerEntityManagerFactoryBean : Initialized JPA EntityManagerFactory for persistence unit 'default'
2021-08-22 14:16:56.333  INFO 22676 --- [main] o.a.c.c.C.[Tomcat].[localhost].[/]       : Initializing Spring TestDispatcherServlet ''
2021-08-22 14:16:56.333  INFO 22676 --- [main] o.s.t.web.servlet.TestDispatcherServlet  : Initializing Servlet ''
2021-08-22 14:16:56.333  INFO 22676 --- [main] o.s.t.web.servlet.TestDispatcherServlet  : Completed initialization in 0 ms
2021-08-22 14:16:56.380  INFO 22676 --- [main] o.s.b.w.embedded.tomcat.TomcatWebServer  : Tomcat started on port(s): 49974 (http) with context path ''
2021-08-22 14:16:56.380  INFO 22676 --- [main] c.e.d.IntegerationTests.EmployeeTests    : Started EmployeeTests in 4.721 seconds (JVM running for 5.733)
2021-08-22 14:16:56.958  INFO 22676 --- [SpringApplicationShutdownHook] j.LocalContainerEntityManagerFactoryBean : Closing JPA EntityManagerFactory for persistence unit 'default'
2021-08-22 14:16:56.958  INFO 22676 --- [SpringApplicationShutdownHook] com.zaxxer.hikari.HikariDataSource       : HikariPool-1 - Shutdown initiated...
2021-08-22 14:16:56.958  INFO 22676 --- [SpringApplicationShutdownHook] com.zaxxer.hikari.HikariDataSource       : HikariPool-1 - Shutdown completed.
2021-08-22 14:17:05.408  INFO 2024 --- [main] c.e.d.IntegerationTests.EmployeeTests    : Starting EmployeeTests using Java 16.0.2 on DESKTOP-6JICA1R with PID 2024 (started by Nada Eletr in E:\phase1 Orange kabs'\HR-System-SpringBoot)
2021-08-22 14:17:05.408  INFO 2024 --- [main] c.e.d.IntegerationTests.EmployeeTests    : No active profile set, falling back to default profiles: default
2021-08-22 14:17:06.009  INFO 2024 --- [main] .s.d.r.c.RepositoryConfigurationDelegate : Bootstrapping Spring Data JPA repositories in DEFAULT mode.
2021-08-22 14:17:06.071  INFO 2024 --- [main] .s.d.r.c.RepositoryConfigurationDelegate : Finished Spring Data repository scanning in 59 ms. Found 3 JPA repository interfaces.
2021-08-22 14:17:06.724  INFO 2024 --- [main] o.s.b.w.embedded.tomcat.TomcatWebServer  : Tomcat initialized with port(s): 0 (http)
2021-08-22 14:17:06.739  INFO 2024 --- [main] o.apache.catalina.core.StandardService   : Starting service [Tomcat]
2021-08-22 14:17:06.739  INFO 2024 --- [main] org.apache.catalina.core.StandardEngine  : Starting Servlet engine: [Apache Tomcat/9.0.50]
2021-08-22 14:17:06.841  INFO 2024 --- [main] o.a.c.c.C.[Tomcat].[localhost].[/]       : Initializing Spring embedded WebApplicationContext
2021-08-22 14:17:06.841  INFO 2024 --- [main] w.s.c.ServletWebServerApplicationContext : Root WebApplicationContext: initialization completed in 1419 ms
2021-08-22 14:17:07.101  INFO 2024 --- [main] o.hibernate.jpa.internal.util.LogHelper  : HHH000204: Processing PersistenceUnitInfo [name: default]
2021-08-22 14:17:07.148  INFO 2024 --- [main] org.hibernate.Version                    : HHH000412: Hibernate ORM core version 5.4.32.Final
2021-08-22 14:17:07.273  INFO 2024 --- [main] o.hibernate.annotations.common.Version   : HCANN000001: Hibernate Commons Annotations {5.1.2.Final}
2021-08-22 14:17:07.382  INFO 2024 --- [main] com.zaxxer.hikari.HikariDataSource       : HikariPool-1 - Starting...
2021-08-22 14:17:07.694  INFO 2024 --- [main] com.zaxxer.hikari.HikariDataSource       : HikariPool-1 - Start completed.
2021-08-22 14:17:07.726  INFO 2024 --- [main] org.hibernate.dialect.Dialect            : HHH000400: Using dialect: org.hibernate.dialect.MySQL8Dialect
2021-08-22 14:17:08.656  INFO 2024 --- [main] o.h.e.t.j.p.i.JtaPlatformInitiator       : HHH000490: Using JtaPlatform implementation: [org.hibernate.engine.transaction.jta.platform.internal.NoJtaPlatform]
2021-08-22 14:17:08.656  INFO 2024 --- [main] j.LocalContainerEntityManagerFactoryBean : Initialized JPA EntityManagerFactory for persistence unit 'default'
2021-08-22 14:17:09.844  INFO 2024 --- [main] o.a.c.c.C.[Tomcat].[localhost].[/]       : Initializing Spring TestDispatcherServlet ''
2021-08-22 14:17:09.844  INFO 2024 --- [main] o.s.t.web.servlet.TestDispatcherServlet  : Initializing Servlet ''
2021-08-22 14:17:09.844  INFO 2024 --- [main] o.s.t.web.servlet.TestDispatcherServlet  : Completed initialization in 0 ms
2021-08-22 14:17:09.890  INFO 2024 --- [main] o.s.b.w.embedded.tomcat.TomcatWebServer  : Tomcat started on port(s): 49989 (http) with context path ''
2021-08-22 14:17:09.906  INFO 2024 --- [main] c.e.d.IntegerationTests.EmployeeTests    : Started EmployeeTests in 4.888 seconds (JVM running for 5.917)
2021-08-22 14:17:10.189  INFO 2024 --- [SpringApplicationShutdownHook] j.LocalContainerEntityManagerFactoryBean : Closing JPA EntityManagerFactory for persistence unit 'default'
2021-08-22 14:17:10.189  INFO 2024 --- [SpringApplicationShutdownHook] com.zaxxer.hikari.HikariDataSource       : HikariPool-1 - Shutdown initiated...
2021-08-22 14:17:10.189  INFO 2024 --- [SpringApplicationShutdownHook] com.zaxxer.hikari.HikariDataSource       : HikariPool-1 - Shutdown completed.
2021-08-22 14:17:29.836  INFO 9564 --- [main] c.e.d.IntegerationTests.EmployeeTests    : Starting EmployeeTests using Java 16.0.2 on DESKTOP-6JICA1R with PID 9564 (started by Nada Eletr in E:\phase1 Orange kabs'\HR-System-SpringBoot)
2021-08-22 14:17:29.836  INFO 9564 --- [main] c.e.d.IntegerationTests.EmployeeTests    : No active profile set, falling back to default profiles: default
2021-08-22 14:17:30.492  INFO 9564 --- [main] .s.d.r.c.RepositoryConfigurationDelegate : Bootstrapping Spring Data JPA repositories in DEFAULT mode.
2021-08-22 14:17:30.555  INFO 9564 --- [main] .s.d.r.c.RepositoryConfigurationDelegate : Finished Spring Data repository scanning in 57 ms. Found 3 JPA repository interfaces.
2021-08-22 14:17:31.234  INFO 9564 --- [main] o.s.b.w.embedded.tomcat.TomcatWebServer  : Tomcat initialized with port(s): 0 (http)
2021-08-22 14:17:31.234  INFO 9564 --- [main] o.apache.catalina.core.StandardService   : Starting service [Tomcat]
2021-08-22 14:17:31.234  INFO 9564 --- [main] org.apache.catalina.core.StandardEngine  : Starting Servlet engine: [Apache Tomcat/9.0.50]
2021-08-22 14:17:31.344  INFO 9564 --- [main] o.a.c.c.C.[Tomcat].[localhost].[/]       : Initializing Spring embedded WebApplicationContext
2021-08-22 14:17:31.344  INFO 9564 --- [main] w.s.c.ServletWebServerApplicationContext : Root WebApplicationContext: initialization completed in 1492 ms
2021-08-22 14:17:31.603  INFO 9564 --- [main] o.hibernate.jpa.internal.util.LogHelper  : HHH000204: Processing PersistenceUnitInfo [name: default]
2021-08-22 14:17:31.666  INFO 9564 --- [main] org.hibernate.Version                    : HHH000412: Hibernate ORM core version 5.4.32.Final
2021-08-22 14:17:31.791  INFO 9564 --- [main] o.hibernate.annotations.common.Version   : HCANN000001: Hibernate Commons Annotations {5.1.2.Final}
2021-08-22 14:17:31.900  INFO 9564 --- [main] com.zaxxer.hikari.HikariDataSource       : HikariPool-1 - Starting...
2021-08-22 14:17:32.213  INFO 9564 --- [main] com.zaxxer.hikari.HikariDataSource       : HikariPool-1 - Start completed.
2021-08-22 14:17:32.244  INFO 9564 --- [main] org.hibernate.dialect.Dialect            : HHH000400: Using dialect: org.hibernate.dialect.MySQL8Dialect
2021-08-22 14:17:33.144  INFO 9564 --- [main] o.h.e.t.j.p.i.JtaPlatformInitiator       : HHH000490: Using JtaPlatform implementation: [org.hibernate.engine.transaction.jta.platform.internal.NoJtaPlatform]
2021-08-22 14:17:33.159  INFO 9564 --- [main] j.LocalContainerEntityManagerFactoryBean : Initialized JPA EntityManagerFactory for persistence unit 'default'
2021-08-22 14:17:34.214  INFO 9564 --- [main] o.a.c.c.C.[Tomcat].[localhost].[/]       : Initializing Spring TestDispatcherServlet ''
2021-08-22 14:17:34.214  INFO 9564 --- [main] o.s.t.web.servlet.TestDispatcherServlet  : Initializing Servlet ''
2021-08-22 14:17:34.214  INFO 9564 --- [main] o.s.t.web.servlet.TestDispatcherServlet  : Completed initialization in 0 ms
2021-08-22 14:17:34.261  INFO 9564 --- [main] o.s.b.w.embedded.tomcat.TomcatWebServer  : Tomcat started on port(s): 50004 (http) with context path ''
2021-08-22 14:17:34.276  INFO 9564 --- [main] c.e.d.IntegerationTests.EmployeeTests    : Started EmployeeTests in 4.869 seconds (JVM running for 6.032)
2021-08-22 14:17:34.868  INFO 9564 --- [SpringApplicationShutdownHook] j.LocalContainerEntityManagerFactoryBean : Closing JPA EntityManagerFactory for persistence unit 'default'
2021-08-22 14:17:34.868  INFO 9564 --- [SpringApplicationShutdownHook] com.zaxxer.hikari.HikariDataSource       : HikariPool-1 - Shutdown initiated...
2021-08-22 14:17:34.868  INFO 9564 --- [SpringApplicationShutdownHook] com.zaxxer.hikari.HikariDataSource       : HikariPool-1 - Shutdown completed.
2021-08-22 14:20:51.454  INFO 15868 --- [main] c.e.d.IntegerationTests.EmployeeTests    : Starting EmployeeTests using Java 16.0.2 on DESKTOP-6JICA1R with PID 15868 (started by Nada Eletr in E:\phase1 Orange kabs'\HR-System-SpringBoot)
2021-08-22 14:20:51.454  INFO 15868 --- [main] c.e.d.IntegerationTests.EmployeeTests    : No active profile set, falling back to default profiles: default
2021-08-22 14:20:52.051  INFO 15868 --- [main] .s.d.r.c.RepositoryConfigurationDelegate : Bootstrapping Spring Data JPA repositories in DEFAULT mode.
2021-08-22 14:20:52.098  INFO 15868 --- [main] .s.d.r.c.RepositoryConfigurationDelegate : Finished Spring Data repository scanning in 50 ms. Found 3 JPA repository interfaces.
2021-08-22 14:20:52.755  INFO 15868 --- [main] o.s.b.w.embedded.tomcat.TomcatWebServer  : Tomcat initialized with port(s): 0 (http)
2021-08-22 14:20:52.755  INFO 15868 --- [main] o.apache.catalina.core.StandardService   : Starting service [Tomcat]
2021-08-22 14:20:52.755  INFO 15868 --- [main] org.apache.catalina.core.StandardEngine  : Starting Servlet engine: [Apache Tomcat/9.0.50]
2021-08-22 14:20:52.864  INFO 15868 --- [main] o.a.c.c.C.[Tomcat].[localhost].[/]       : Initializing Spring embedded WebApplicationContext
2021-08-22 14:20:52.864  INFO 15868 --- [main] w.s.c.ServletWebServerApplicationContext : Root WebApplicationContext: initialization completed in 1393 ms
2021-08-22 14:20:53.145  INFO 15868 --- [main] o.hibernate.jpa.internal.util.LogHelper  : HHH000204: Processing PersistenceUnitInfo [name: default]
2021-08-22 14:20:53.192  INFO 15868 --- [main] org.hibernate.Version                    : HHH000412: Hibernate ORM core version 5.4.32.Final
2021-08-22 14:20:53.317  INFO 15868 --- [main] o.hibernate.annotations.common.Version   : HCANN000001: Hibernate Commons Annotations {5.1.2.Final}
2021-08-22 14:20:53.411  INFO 15868 --- [main] com.zaxxer.hikari.HikariDataSource       : HikariPool-1 - Starting...
2021-08-22 14:20:53.872  INFO 15868 --- [main] com.zaxxer.hikari.HikariDataSource       : HikariPool-1 - Start completed.
2021-08-22 14:20:53.888  INFO 15868 --- [main] org.hibernate.dialect.Dialect            : HHH000400: Using dialect: org.hibernate.dialect.MySQL8Dialect
2021-08-22 14:20:54.813  INFO 15868 --- [main] o.h.e.t.j.p.i.JtaPlatformInitiator       : HHH000490: Using JtaPlatform implementation: [org.hibernate.engine.transaction.jta.platform.internal.NoJtaPlatform]
2021-08-22 14:20:54.813  INFO 15868 --- [main] j.LocalContainerEntityManagerFactoryBean : Initialized JPA EntityManagerFactory for persistence unit 'default'
2021-08-22 14:20:55.837  INFO 15868 --- [main] o.a.c.c.C.[Tomcat].[localhost].[/]       : Initializing Spring TestDispatcherServlet ''
2021-08-22 14:20:55.837  INFO 15868 --- [main] o.s.t.web.servlet.TestDispatcherServlet  : Initializing Servlet ''
2021-08-22 14:20:55.837  INFO 15868 --- [main] o.s.t.web.servlet.TestDispatcherServlet  : Completed initialization in 0 ms
2021-08-22 14:20:55.884  INFO 15868 --- [main] o.s.b.w.embedded.tomcat.TomcatWebServer  : Tomcat started on port(s): 50037 (http) with context path ''
2021-08-22 14:20:55.884  INFO 15868 --- [main] c.e.d.IntegerationTests.EmployeeTests    : Started EmployeeTests in 4.808 seconds (JVM running for 5.834)
2021-08-22 14:20:56.389  INFO 15868 --- [SpringApplicationShutdownHook] j.LocalContainerEntityManagerFactoryBean : Closing JPA EntityManagerFactory for persistence unit 'default'
2021-08-22 14:20:56.389  INFO 15868 --- [SpringApplicationShutdownHook] com.zaxxer.hikari.HikariDataSource       : HikariPool-1 - Shutdown initiated...
2021-08-22 14:20:56.389  INFO 15868 --- [SpringApplicationShutdownHook] com.zaxxer.hikari.HikariDataSource       : HikariPool-1 - Shutdown completed.
2021-08-22 14:22:36.883  INFO 21924 --- [main] c.e.d.IntegerationTests.EmployeeTests    : Starting EmployeeTests using Java 16.0.2 on DESKTOP-6JICA1R with PID 21924 (started by Nada Eletr in E:\phase1 Orange kabs'\HR-System-SpringBoot)
2021-08-22 14:22:36.883  INFO 21924 --- [main] c.e.d.IntegerationTests.EmployeeTests    : No active profile set, falling back to default profiles: default
2021-08-22 14:22:37.640  INFO 21924 --- [main] .s.d.r.c.RepositoryConfigurationDelegate : Bootstrapping Spring Data JPA repositories in DEFAULT mode.
2021-08-22 14:22:37.704  INFO 21924 --- [main] .s.d.r.c.RepositoryConfigurationDelegate : Finished Spring Data repository scanning in 64 ms. Found 3 JPA repository interfaces.
2021-08-22 14:22:38.422  INFO 21924 --- [main] o.s.b.w.embedded.tomcat.TomcatWebServer  : Tomcat initialized with port(s): 0 (http)
2021-08-22 14:22:38.438  INFO 21924 --- [main] o.apache.catalina.core.StandardService   : Starting service [Tomcat]
2021-08-22 14:22:38.438  INFO 21924 --- [main] org.apache.catalina.core.StandardEngine  : Starting Servlet engine: [Apache Tomcat/9.0.50]
2021-08-22 14:22:38.541  INFO 21924 --- [main] o.a.c.c.C.[Tomcat].[localhost].[/]       : Initializing Spring embedded WebApplicationContext
2021-08-22 14:22:38.541  INFO 21924 --- [main] w.s.c.ServletWebServerApplicationContext : Root WebApplicationContext: initialization completed in 1642 ms
2021-08-22 14:22:38.792  INFO 21924 --- [main] o.hibernate.jpa.internal.util.LogHelper  : HHH000204: Processing PersistenceUnitInfo [name: default]
2021-08-22 14:22:38.839  INFO 21924 --- [main] org.hibernate.Version                    : HHH000412: Hibernate ORM core version 5.4.32.Final
2021-08-22 14:22:38.979  INFO 21924 --- [main] o.hibernate.annotations.common.Version   : HCANN000001: Hibernate Commons Annotations {5.1.2.Final}
2021-08-22 14:22:39.089  INFO 21924 --- [main] com.zaxxer.hikari.HikariDataSource       : HikariPool-1 - Starting...
2021-08-22 14:22:39.487  INFO 21924 --- [main] com.zaxxer.hikari.HikariDataSource       : HikariPool-1 - Start completed.
2021-08-22 14:22:39.503  INFO 21924 --- [main] org.hibernate.dialect.Dialect            : HHH000400: Using dialect: org.hibernate.dialect.MySQL8Dialect
2021-08-22 14:22:40.301  INFO 21924 --- [main] o.h.e.t.j.p.i.JtaPlatformInitiator       : HHH000490: Using JtaPlatform implementation: [org.hibernate.engine.transaction.jta.platform.internal.NoJtaPlatform]
2021-08-22 14:22:40.316  INFO 21924 --- [main] j.LocalContainerEntityManagerFactoryBean : Initialized JPA EntityManagerFactory for persistence unit 'default'
2021-08-22 14:22:41.421  INFO 21924 --- [main] o.a.c.c.C.[Tomcat].[localhost].[/]       : Initializing Spring TestDispatcherServlet ''
2021-08-22 14:22:41.421  INFO 21924 --- [main] o.s.t.web.servlet.TestDispatcherServlet  : Initializing Servlet ''
2021-08-22 14:22:41.421  INFO 21924 --- [main] o.s.t.web.servlet.TestDispatcherServlet  : Completed initialization in 0 ms
2021-08-22 14:22:41.468  INFO 21924 --- [main] o.s.b.w.embedded.tomcat.TomcatWebServer  : Tomcat started on port(s): 50058 (http) with context path ''
2021-08-22 14:22:41.468  INFO 21924 --- [main] c.e.d.IntegerationTests.EmployeeTests    : Started EmployeeTests in 4.985 seconds (JVM running for 6.055)
2021-08-22 14:22:42.062  INFO 21924 --- [SpringApplicationShutdownHook] j.LocalContainerEntityManagerFactoryBean : Closing JPA EntityManagerFactory for persistence unit 'default'
2021-08-22 14:22:42.062  INFO 21924 --- [SpringApplicationShutdownHook] com.zaxxer.hikari.HikariDataSource       : HikariPool-1 - Shutdown initiated...
2021-08-22 14:22:42.062  INFO 21924 --- [SpringApplicationShutdownHook] com.zaxxer.hikari.HikariDataSource       : HikariPool-1 - Shutdown completed.
2021-08-22 14:23:03.860  INFO 23620 --- [main] c.e.d.IntegerationTests.EmployeeTests    : Starting EmployeeTests using Java 16.0.2 on DESKTOP-6JICA1R with PID 23620 (started by Nada Eletr in E:\phase1 Orange kabs'\HR-System-SpringBoot)
2021-08-22 14:23:03.860  INFO 23620 --- [main] c.e.d.IntegerationTests.EmployeeTests    : No active profile set, falling back to default profiles: default
2021-08-22 14:23:04.464  INFO 23620 --- [main] .s.d.r.c.RepositoryConfigurationDelegate : Bootstrapping Spring Data JPA repositories in DEFAULT mode.
2021-08-22 14:23:04.526  INFO 23620 --- [main] .s.d.r.c.RepositoryConfigurationDelegate : Finished Spring Data repository scanning in 49 ms. Found 3 JPA repository interfaces.
2021-08-22 14:23:05.199  INFO 23620 --- [main] o.s.b.w.embedded.tomcat.TomcatWebServer  : Tomcat initialized with port(s): 0 (http)
2021-08-22 14:23:05.215  INFO 23620 --- [main] o.apache.catalina.core.StandardService   : Starting service [Tomcat]
2021-08-22 14:23:05.215  INFO 23620 --- [main] org.apache.catalina.core.StandardEngine  : Starting Servlet engine: [Apache Tomcat/9.0.50]
2021-08-22 14:23:05.331  INFO 23620 --- [main] o.a.c.c.C.[Tomcat].[localhost].[/]       : Initializing Spring embedded WebApplicationContext
2021-08-22 14:23:05.332  INFO 23620 --- [main] w.s.c.ServletWebServerApplicationContext : Root WebApplicationContext: initialization completed in 1463 ms
2021-08-22 14:23:05.592  INFO 23620 --- [main] o.hibernate.jpa.internal.util.LogHelper  : HHH000204: Processing PersistenceUnitInfo [name: default]
2021-08-22 14:23:05.639  INFO 23620 --- [main] org.hibernate.Version                    : HHH000412: Hibernate ORM core version 5.4.32.Final
2021-08-22 14:23:05.779  INFO 23620 --- [main] o.hibernate.annotations.common.Version   : HCANN000001: Hibernate Commons Annotations {5.1.2.Final}
2021-08-22 14:23:05.897  INFO 23620 --- [main] com.zaxxer.hikari.HikariDataSource       : HikariPool-1 - Starting...
2021-08-22 14:23:06.210  INFO 23620 --- [main] com.zaxxer.hikari.HikariDataSource       : HikariPool-1 - Start completed.
2021-08-22 14:23:06.226  INFO 23620 --- [main] org.hibernate.dialect.Dialect            : HHH000400: Using dialect: org.hibernate.dialect.MySQL8Dialect
2021-08-22 14:23:07.032  INFO 23620 --- [main] o.h.e.t.j.p.i.JtaPlatformInitiator       : HHH000490: Using JtaPlatform implementation: [org.hibernate.engine.transaction.jta.platform.internal.NoJtaPlatform]
2021-08-22 14:23:07.047  INFO 23620 --- [main] j.LocalContainerEntityManagerFactoryBean : Initialized JPA EntityManagerFactory for persistence unit 'default'
2021-08-22 14:23:08.198  INFO 23620 --- [main] o.a.c.c.C.[Tomcat].[localhost].[/]       : Initializing Spring TestDispatcherServlet ''
2021-08-22 14:23:08.198  INFO 23620 --- [main] o.s.t.web.servlet.TestDispatcherServlet  : Initializing Servlet ''
2021-08-22 14:23:08.198  INFO 23620 --- [main] o.s.t.web.servlet.TestDispatcherServlet  : Completed initialization in 0 ms
2021-08-22 14:23:08.245  INFO 23620 --- [main] o.s.b.w.embedded.tomcat.TomcatWebServer  : Tomcat started on port(s): 50073 (http) with context path ''
2021-08-22 14:23:08.262  INFO 23620 --- [main] c.e.d.IntegerationTests.EmployeeTests    : Started EmployeeTests in 4.797 seconds (JVM running for 5.875)
2021-08-22 14:23:08.858  INFO 23620 --- [SpringApplicationShutdownHook] j.LocalContainerEntityManagerFactoryBean : Closing JPA EntityManagerFactory for persistence unit 'default'
2021-08-22 14:23:08.858  INFO 23620 --- [SpringApplicationShutdownHook] com.zaxxer.hikari.HikariDataSource       : HikariPool-1 - Shutdown initiated...
2021-08-22 14:23:08.873  INFO 23620 --- [SpringApplicationShutdownHook] com.zaxxer.hikari.HikariDataSource       : HikariPool-1 - Shutdown completed.
2021-08-22 14:24:56.408  INFO 2436 --- [main] c.e.d.IntegerationTests.EmployeeTests    : Starting EmployeeTests using Java 16.0.2 on DESKTOP-6JICA1R with PID 2436 (started by Nada Eletr in E:\phase1 Orange kabs'\HR-System-SpringBoot)
2021-08-22 14:24:56.410  INFO 2436 --- [main] c.e.d.IntegerationTests.EmployeeTests    : No active profile set, falling back to default profiles: default
2021-08-22 14:24:56.995  INFO 2436 --- [main] .s.d.r.c.RepositoryConfigurationDelegate : Bootstrapping Spring Data JPA repositories in DEFAULT mode.
2021-08-22 14:24:57.058  INFO 2436 --- [main] .s.d.r.c.RepositoryConfigurationDelegate : Finished Spring Data repository scanning in 52 ms. Found 3 JPA repository interfaces.
2021-08-22 14:24:57.707  INFO 2436 --- [main] o.s.b.w.embedded.tomcat.TomcatWebServer  : Tomcat initialized with port(s): 0 (http)
2021-08-22 14:24:57.723  INFO 2436 --- [main] o.apache.catalina.core.StandardService   : Starting service [Tomcat]
2021-08-22 14:24:57.723  INFO 2436 --- [main] org.apache.catalina.core.StandardEngine  : Starting Servlet engine: [Apache Tomcat/9.0.50]
2021-08-22 14:24:57.832  INFO 2436 --- [main] o.a.c.c.C.[Tomcat].[localhost].[/]       : Initializing Spring embedded WebApplicationContext
2021-08-22 14:24:57.832  INFO 2436 --- [main] w.s.c.ServletWebServerApplicationContext : Root WebApplicationContext: initialization completed in 1408 ms
2021-08-22 14:24:58.067  INFO 2436 --- [main] o.hibernate.jpa.internal.util.LogHelper  : HHH000204: Processing PersistenceUnitInfo [name: default]
2021-08-22 14:24:58.129  INFO 2436 --- [main] org.hibernate.Version                    : HHH000412: Hibernate ORM core version 5.4.32.Final
2021-08-22 14:24:58.254  INFO 2436 --- [main] o.hibernate.annotations.common.Version   : HCANN000001: Hibernate Commons Annotations {5.1.2.Final}
2021-08-22 14:24:58.395  INFO 2436 --- [main] com.zaxxer.hikari.HikariDataSource       : HikariPool-1 - Starting...
2021-08-22 14:24:58.701  INFO 2436 --- [main] com.zaxxer.hikari.HikariDataSource       : HikariPool-1 - Start completed.
2021-08-22 14:24:58.732  INFO 2436 --- [main] org.hibernate.dialect.Dialect            : HHH000400: Using dialect: org.hibernate.dialect.MySQL8Dialect
2021-08-22 14:24:59.508  INFO 2436 --- [main] o.h.e.t.j.p.i.JtaPlatformInitiator       : HHH000490: Using JtaPlatform implementation: [org.hibernate.engine.transaction.jta.platform.internal.NoJtaPlatform]
2021-08-22 14:24:59.524  INFO 2436 --- [main] j.LocalContainerEntityManagerFactoryBean : Initialized JPA EntityManagerFactory for persistence unit 'default'
2021-08-22 14:25:00.715  INFO 2436 --- [main] o.a.c.c.C.[Tomcat].[localhost].[/]       : Initializing Spring TestDispatcherServlet ''
2021-08-22 14:25:00.715  INFO 2436 --- [main] o.s.t.web.servlet.TestDispatcherServlet  : Initializing Servlet ''
2021-08-22 14:25:00.715  INFO 2436 --- [main] o.s.t.web.servlet.TestDispatcherServlet  : Completed initialization in 0 ms
2021-08-22 14:25:00.777  INFO 2436 --- [main] o.s.b.w.embedded.tomcat.TomcatWebServer  : Tomcat started on port(s): 50094 (http) with context path ''
2021-08-22 14:25:00.777  INFO 2436 --- [main] c.e.d.IntegerationTests.EmployeeTests    : Started EmployeeTests in 4.751 seconds (JVM running for 5.882)
2021-08-22 14:25:01.294  INFO 2436 --- [SpringApplicationShutdownHook] j.LocalContainerEntityManagerFactoryBean : Closing JPA EntityManagerFactory for persistence unit 'default'
2021-08-22 14:25:01.294  INFO 2436 --- [SpringApplicationShutdownHook] com.zaxxer.hikari.HikariDataSource       : HikariPool-1 - Shutdown initiated...
2021-08-22 14:25:01.294  INFO 2436 --- [SpringApplicationShutdownHook] com.zaxxer.hikari.HikariDataSource       : HikariPool-1 - Shutdown completed.
2021-08-22 14:25:14.159  INFO 11952 --- [main] c.e.d.IntegerationTests.EmployeeTests    : Starting EmployeeTests using Java 16.0.2 on DESKTOP-6JICA1R with PID 11952 (started by Nada Eletr in E:\phase1 Orange kabs'\HR-System-SpringBoot)
2021-08-22 14:25:14.159  INFO 11952 --- [main] c.e.d.IntegerationTests.EmployeeTests    : No active profile set, falling back to default profiles: default
2021-08-22 14:25:14.729  INFO 11952 --- [main] .s.d.r.c.RepositoryConfigurationDelegate : Bootstrapping Spring Data JPA repositories in DEFAULT mode.
2021-08-22 14:25:14.791  INFO 11952 --- [main] .s.d.r.c.RepositoryConfigurationDelegate : Finished Spring Data repository scanning in 50 ms. Found 3 JPA repository interfaces.
2021-08-22 14:25:15.488  INFO 11952 --- [main] o.s.b.w.embedded.tomcat.TomcatWebServer  : Tomcat initialized with port(s): 0 (http)
2021-08-22 14:25:15.488  INFO 11952 --- [main] o.apache.catalina.core.StandardService   : Starting service [Tomcat]
2021-08-22 14:25:15.488  INFO 11952 --- [main] org.apache.catalina.core.StandardEngine  : Starting Servlet engine: [Apache Tomcat/9.0.50]
2021-08-22 14:25:15.597  INFO 11952 --- [main] o.a.c.c.C.[Tomcat].[localhost].[/]       : Initializing Spring embedded WebApplicationContext
2021-08-22 14:25:15.597  INFO 11952 --- [main] w.s.c.ServletWebServerApplicationContext : Root WebApplicationContext: initialization completed in 1429 ms
2021-08-22 14:25:15.846  INFO 11952 --- [main] o.hibernate.jpa.internal.util.LogHelper  : HHH000204: Processing PersistenceUnitInfo [name: default]
2021-08-22 14:25:15.909  INFO 11952 --- [main] org.hibernate.Version                    : HHH000412: Hibernate ORM core version 5.4.32.Final
2021-08-22 14:25:16.037  INFO 11952 --- [main] o.hibernate.annotations.common.Version   : HCANN000001: Hibernate Commons Annotations {5.1.2.Final}
2021-08-22 14:25:16.146  INFO 11952 --- [main] com.zaxxer.hikari.HikariDataSource       : HikariPool-1 - Starting...
2021-08-22 14:25:16.444  INFO 11952 --- [main] com.zaxxer.hikari.HikariDataSource       : HikariPool-1 - Start completed.
2021-08-22 14:25:16.476  INFO 11952 --- [main] org.hibernate.dialect.Dialect            : HHH000400: Using dialect: org.hibernate.dialect.MySQL8Dialect
2021-08-22 14:25:17.179  INFO 11952 --- [main] o.h.e.t.j.p.i.JtaPlatformInitiator       : HHH000490: Using JtaPlatform implementation: [org.hibernate.engine.transaction.jta.platform.internal.NoJtaPlatform]
2021-08-22 14:25:17.194  INFO 11952 --- [main] j.LocalContainerEntityManagerFactoryBean : Initialized JPA EntityManagerFactory for persistence unit 'default'
2021-08-22 14:25:18.188  INFO 11952 --- [main] o.a.c.c.C.[Tomcat].[localhost].[/]       : Initializing Spring TestDispatcherServlet ''
2021-08-22 14:25:18.188  INFO 11952 --- [main] o.s.t.web.servlet.TestDispatcherServlet  : Initializing Servlet ''
2021-08-22 14:25:18.188  INFO 11952 --- [main] o.s.t.web.servlet.TestDispatcherServlet  : Completed initialization in 0 ms
2021-08-22 14:25:18.219  INFO 11952 --- [main] o.s.b.w.embedded.tomcat.TomcatWebServer  : Tomcat started on port(s): 50109 (http) with context path ''
2021-08-22 14:25:18.235  INFO 11952 --- [main] c.e.d.IntegerationTests.EmployeeTests    : Started EmployeeTests in 4.445 seconds (JVM running for 5.449)
2021-08-22 14:25:18.866  INFO 11952 --- [SpringApplicationShutdownHook] j.LocalContainerEntityManagerFactoryBean : Closing JPA EntityManagerFactory for persistence unit 'default'
2021-08-22 14:25:18.866  INFO 11952 --- [SpringApplicationShutdownHook] com.zaxxer.hikari.HikariDataSource       : HikariPool-1 - Shutdown initiated...
2021-08-22 14:25:18.866  INFO 11952 --- [SpringApplicationShutdownHook] com.zaxxer.hikari.HikariDataSource       : HikariPool-1 - Shutdown completed.
2021-08-22 14:25:33.818  INFO 19516 --- [main] c.e.d.IntegerationTests.EmployeeTests    : Starting EmployeeTests using Java 16.0.2 on DESKTOP-6JICA1R with PID 19516 (started by Nada Eletr in E:\phase1 Orange kabs'\HR-System-SpringBoot)
2021-08-22 14:25:33.818  INFO 19516 --- [main] c.e.d.IntegerationTests.EmployeeTests    : No active profile set, falling back to default profiles: default
2021-08-22 14:25:34.491  INFO 19516 --- [main] .s.d.r.c.RepositoryConfigurationDelegate : Bootstrapping Spring Data JPA repositories in DEFAULT mode.
2021-08-22 14:25:34.538  INFO 19516 --- [main] .s.d.r.c.RepositoryConfigurationDelegate : Finished Spring Data repository scanning in 52 ms. Found 3 JPA repository interfaces.
2021-08-22 14:25:35.256  INFO 19516 --- [main] o.s.b.w.embedded.tomcat.TomcatWebServer  : Tomcat initialized with port(s): 0 (http)
2021-08-22 14:25:35.272  INFO 19516 --- [main] o.apache.catalina.core.StandardService   : Starting service [Tomcat]
2021-08-22 14:25:35.272  INFO 19516 --- [main] org.apache.catalina.core.StandardEngine  : Starting Servlet engine: [Apache Tomcat/9.0.50]
2021-08-22 14:25:35.389  INFO 19516 --- [main] o.a.c.c.C.[Tomcat].[localhost].[/]       : Initializing Spring embedded WebApplicationContext
2021-08-22 14:25:35.389  INFO 19516 --- [main] w.s.c.ServletWebServerApplicationContext : Root WebApplicationContext: initialization completed in 1555 ms
2021-08-22 14:25:35.687  INFO 19516 --- [main] o.hibernate.jpa.internal.util.LogHelper  : HHH000204: Processing PersistenceUnitInfo [name: default]
2021-08-22 14:25:35.734  INFO 19516 --- [main] org.hibernate.Version                    : HHH000412: Hibernate ORM core version 5.4.32.Final
2021-08-22 14:25:35.890  INFO 19516 --- [main] o.hibernate.annotations.common.Version   : HCANN000001: Hibernate Commons Annotations {5.1.2.Final}
2021-08-22 14:25:36.015  INFO 19516 --- [main] com.zaxxer.hikari.HikariDataSource       : HikariPool-1 - Starting...
2021-08-22 14:25:36.343  INFO 19516 --- [main] com.zaxxer.hikari.HikariDataSource       : HikariPool-1 - Start completed.
2021-08-22 14:25:36.375  INFO 19516 --- [main] org.hibernate.dialect.Dialect            : HHH000400: Using dialect: org.hibernate.dialect.MySQL8Dialect
2021-08-22 14:25:37.217  INFO 19516 --- [main] o.h.e.t.j.p.i.JtaPlatformInitiator       : HHH000490: Using JtaPlatform implementation: [org.hibernate.engine.transaction.jta.platform.internal.NoJtaPlatform]
2021-08-22 14:25:37.217  INFO 19516 --- [main] j.LocalContainerEntityManagerFactoryBean : Initialized JPA EntityManagerFactory for persistence unit 'default'
2021-08-22 14:25:38.440  INFO 19516 --- [main] o.a.c.c.C.[Tomcat].[localhost].[/]       : Initializing Spring TestDispatcherServlet ''
2021-08-22 14:25:38.440  INFO 19516 --- [main] o.s.t.web.servlet.TestDispatcherServlet  : Initializing Servlet ''
2021-08-22 14:25:38.440  INFO 19516 --- [main] o.s.t.web.servlet.TestDispatcherServlet  : Completed initialization in 0 ms
2021-08-22 14:25:38.503  INFO 19516 --- [main] o.s.b.w.embedded.tomcat.TomcatWebServer  : Tomcat started on port(s): 50127 (http) with context path ''
2021-08-22 14:25:38.503  INFO 19516 --- [main] c.e.d.IntegerationTests.EmployeeTests    : Started EmployeeTests in 5.08 seconds (JVM running for 6.689)
2021-08-22 14:26:03.307  INFO 19516 --- [SpringApplicationShutdownHook] j.LocalContainerEntityManagerFactoryBean : Closing JPA EntityManagerFactory for persistence unit 'default'
2021-08-22 14:26:03.307  INFO 19516 --- [SpringApplicationShutdownHook] com.zaxxer.hikari.HikariDataSource       : HikariPool-1 - Shutdown initiated...
2021-08-22 14:26:03.307  INFO 19516 --- [SpringApplicationShutdownHook] com.zaxxer.hikari.HikariDataSource       : HikariPool-1 - Shutdown completed.
2021-08-22 14:26:05.773  INFO 7780 --- [main] c.e.d.IntegerationTests.EmployeeTests    : Starting EmployeeTests using Java 16.0.2 on DESKTOP-6JICA1R with PID 7780 (started by Nada Eletr in E:\phase1 Orange kabs'\HR-System-SpringBoot)
2021-08-22 14:26:05.773  INFO 7780 --- [main] c.e.d.IntegerationTests.EmployeeTests    : No active profile set, falling back to default profiles: default
2021-08-22 14:26:06.441  INFO 7780 --- [main] .s.d.r.c.RepositoryConfigurationDelegate : Bootstrapping Spring Data JPA repositories in DEFAULT mode.
2021-08-22 14:26:06.519  INFO 7780 --- [main] .s.d.r.c.RepositoryConfigurationDelegate : Finished Spring Data repository scanning in 68 ms. Found 3 JPA repository interfaces.
2021-08-22 14:26:07.310  INFO 7780 --- [main] o.s.b.w.embedded.tomcat.TomcatWebServer  : Tomcat initialized with port(s): 0 (http)
2021-08-22 14:26:07.325  INFO 7780 --- [main] o.apache.catalina.core.StandardService   : Starting service [Tomcat]
2021-08-22 14:26:07.325  INFO 7780 --- [main] org.apache.catalina.core.StandardEngine  : Starting Servlet engine: [Apache Tomcat/9.0.50]
2021-08-22 14:26:07.435  INFO 7780 --- [main] o.a.c.c.C.[Tomcat].[localhost].[/]       : Initializing Spring embedded WebApplicationContext
2021-08-22 14:26:07.435  INFO 7780 --- [main] w.s.c.ServletWebServerApplicationContext : Root WebApplicationContext: initialization completed in 1649 ms
2021-08-22 14:26:07.739  INFO 7780 --- [main] o.hibernate.jpa.internal.util.LogHelper  : HHH000204: Processing PersistenceUnitInfo [name: default]
2021-08-22 14:26:07.786  INFO 7780 --- [main] org.hibernate.Version                    : HHH000412: Hibernate ORM core version 5.4.32.Final
2021-08-22 14:26:07.928  INFO 7780 --- [main] o.hibernate.annotations.common.Version   : HCANN000001: Hibernate Commons Annotations {5.1.2.Final}
2021-08-22 14:26:08.053  INFO 7780 --- [main] com.zaxxer.hikari.HikariDataSource       : HikariPool-1 - Starting...
2021-08-22 14:26:08.412  INFO 7780 --- [main] com.zaxxer.hikari.HikariDataSource       : HikariPool-1 - Start completed.
2021-08-22 14:26:08.444  INFO 7780 --- [main] org.hibernate.dialect.Dialect            : HHH000400: Using dialect: org.hibernate.dialect.MySQL8Dialect
2021-08-22 14:26:09.225  INFO 7780 --- [main] o.h.e.t.j.p.i.JtaPlatformInitiator       : HHH000490: Using JtaPlatform implementation: [org.hibernate.engine.transaction.jta.platform.internal.NoJtaPlatform]
2021-08-22 14:26:09.225  INFO 7780 --- [main] j.LocalContainerEntityManagerFactoryBean : Initialized JPA EntityManagerFactory for persistence unit 'default'
2021-08-22 14:26:10.428  INFO 7780 --- [main] o.a.c.c.C.[Tomcat].[localhost].[/]       : Initializing Spring TestDispatcherServlet ''
2021-08-22 14:26:10.428  INFO 7780 --- [main] o.s.t.web.servlet.TestDispatcherServlet  : Initializing Servlet ''
2021-08-22 14:26:10.428  INFO 7780 --- [main] o.s.t.web.servlet.TestDispatcherServlet  : Completed initialization in 0 ms
2021-08-22 14:26:10.474  INFO 7780 --- [main] o.s.b.w.embedded.tomcat.TomcatWebServer  : Tomcat started on port(s): 50142 (http) with context path ''
2021-08-22 14:26:10.490  INFO 7780 --- [main] c.e.d.IntegerationTests.EmployeeTests    : Started EmployeeTests in 5.112 seconds (JVM running for 6.53)
2021-08-22 14:27:25.347  WARN 7780 --- [HikariPool-1 housekeeper] com.zaxxer.hikari.pool.HikariPool        : HikariPool-1 - Thread starvation or clock leap detected (housekeeper delta=46s748ms85s).
2021-08-22 14:27:25.406  INFO 7780 --- [SpringApplicationShutdownHook] j.LocalContainerEntityManagerFactoryBean : Closing JPA EntityManagerFactory for persistence unit 'default'
2021-08-22 14:27:25.406  INFO 7780 --- [SpringApplicationShutdownHook] com.zaxxer.hikari.HikariDataSource       : HikariPool-1 - Shutdown initiated...
2021-08-22 14:27:25.423  INFO 7780 --- [SpringApplicationShutdownHook] com.zaxxer.hikari.HikariDataSource       : HikariPool-1 - Shutdown completed.
2021-08-22 14:27:28.631  INFO 20828 --- [main] c.e.d.IntegerationTests.EmployeeTests    : Starting EmployeeTests using Java 16.0.2 on DESKTOP-6JICA1R with PID 20828 (started by Nada Eletr in E:\phase1 Orange kabs'\HR-System-SpringBoot)
2021-08-22 14:27:28.631  INFO 20828 --- [main] c.e.d.IntegerationTests.EmployeeTests    : No active profile set, falling back to default profiles: default
2021-08-22 14:27:29.388  INFO 20828 --- [main] .s.d.r.c.RepositoryConfigurationDelegate : Bootstrapping Spring Data JPA repositories in DEFAULT mode.
2021-08-22 14:27:29.466  INFO 20828 --- [main] .s.d.r.c.RepositoryConfigurationDelegate : Finished Spring Data repository scanning in 68 ms. Found 3 JPA repository interfaces.
2021-08-22 14:27:30.278  INFO 20828 --- [main] o.s.b.w.embedded.tomcat.TomcatWebServer  : Tomcat initialized with port(s): 0 (http)
2021-08-22 14:27:30.294  INFO 20828 --- [main] o.apache.catalina.core.StandardService   : Starting service [Tomcat]
2021-08-22 14:27:30.294  INFO 20828 --- [main] org.apache.catalina.core.StandardEngine  : Starting Servlet engine: [Apache Tomcat/9.0.50]
2021-08-22 14:27:30.403  INFO 20828 --- [main] o.a.c.c.C.[Tomcat].[localhost].[/]       : Initializing Spring embedded WebApplicationContext
2021-08-22 14:27:30.403  INFO 20828 --- [main] w.s.c.ServletWebServerApplicationContext : Root WebApplicationContext: initialization completed in 1741 ms
2021-08-22 14:27:30.715  INFO 20828 --- [main] o.hibernate.jpa.internal.util.LogHelper  : HHH000204: Processing PersistenceUnitInfo [name: default]
2021-08-22 14:27:30.778  INFO 20828 --- [main] org.hibernate.Version                    : HHH000412: Hibernate ORM core version 5.4.32.Final
2021-08-22 14:27:30.918  INFO 20828 --- [main] o.hibernate.annotations.common.Version   : HCANN000001: Hibernate Commons Annotations {5.1.2.Final}
2021-08-22 14:27:31.043  INFO 20828 --- [main] com.zaxxer.hikari.HikariDataSource       : HikariPool-1 - Starting...
2021-08-22 14:27:31.403  INFO 20828 --- [main] com.zaxxer.hikari.HikariDataSource       : HikariPool-1 - Start completed.
2021-08-22 14:27:31.435  INFO 20828 --- [main] org.hibernate.dialect.Dialect            : HHH000400: Using dialect: org.hibernate.dialect.MySQL8Dialect
2021-08-22 14:27:32.185  INFO 20828 --- [main] o.h.e.t.j.p.i.JtaPlatformInitiator       : HHH000490: Using JtaPlatform implementation: [org.hibernate.engine.transaction.jta.platform.internal.NoJtaPlatform]
2021-08-22 14:27:32.200  INFO 20828 --- [main] j.LocalContainerEntityManagerFactoryBean : Initialized JPA EntityManagerFactory for persistence unit 'default'
2021-08-22 14:27:33.397  INFO 20828 --- [main] o.a.c.c.C.[Tomcat].[localhost].[/]       : Initializing Spring TestDispatcherServlet ''
2021-08-22 14:27:33.397  INFO 20828 --- [main] o.s.t.web.servlet.TestDispatcherServlet  : Initializing Servlet ''
2021-08-22 14:27:33.397  INFO 20828 --- [main] o.s.t.web.servlet.TestDispatcherServlet  : Completed initialization in 0 ms
2021-08-22 14:27:33.490  INFO 20828 --- [main] o.s.b.w.embedded.tomcat.TomcatWebServer  : Tomcat started on port(s): 50161 (http) with context path ''
2021-08-22 14:27:33.506  INFO 20828 --- [main] c.e.d.IntegerationTests.EmployeeTests    : Started EmployeeTests in 5.297 seconds (JVM running for 6.689)
2021-08-22 14:27:42.573  INFO 20828 --- [SpringApplicationShutdownHook] j.LocalContainerEntityManagerFactoryBean : Closing JPA EntityManagerFactory for persistence unit 'default'
2021-08-22 14:27:42.573  INFO 20828 --- [SpringApplicationShutdownHook] com.zaxxer.hikari.HikariDataSource       : HikariPool-1 - Shutdown initiated...
2021-08-22 14:27:42.589  INFO 20828 --- [SpringApplicationShutdownHook] com.zaxxer.hikari.HikariDataSource       : HikariPool-1 - Shutdown completed.
2021-08-22 14:28:24.386  INFO 24184 --- [main] c.e.d.IntegerationTests.EmployeeTests    : Starting EmployeeTests using Java 16.0.2 on DESKTOP-6JICA1R with PID 24184 (started by Nada Eletr in E:\phase1 Orange kabs'\HR-System-SpringBoot)
2021-08-22 14:28:24.386  INFO 24184 --- [main] c.e.d.IntegerationTests.EmployeeTests    : No active profile set, falling back to default profiles: default
2021-08-22 14:28:25.131  INFO 24184 --- [main] .s.d.r.c.RepositoryConfigurationDelegate : Bootstrapping Spring Data JPA repositories in DEFAULT mode.
2021-08-22 14:28:25.209  INFO 24184 --- [main] .s.d.r.c.RepositoryConfigurationDelegate : Finished Spring Data repository scanning in 67 ms. Found 3 JPA repository interfaces.
2021-08-22 14:28:26.048  INFO 24184 --- [main] o.s.b.w.embedded.tomcat.TomcatWebServer  : Tomcat initialized with port(s): 0 (http)
2021-08-22 14:28:26.063  INFO 24184 --- [main] o.apache.catalina.core.StandardService   : Starting service [Tomcat]
2021-08-22 14:28:26.063  INFO 24184 --- [main] org.apache.catalina.core.StandardEngine  : Starting Servlet engine: [Apache Tomcat/9.0.50]
2021-08-22 14:28:26.173  INFO 24184 --- [main] o.a.c.c.C.[Tomcat].[localhost].[/]       : Initializing Spring embedded WebApplicationContext
2021-08-22 14:28:26.173  INFO 24184 --- [main] w.s.c.ServletWebServerApplicationContext : Root WebApplicationContext: initialization completed in 1776 ms
2021-08-22 14:28:26.469  INFO 24184 --- [main] o.hibernate.jpa.internal.util.LogHelper  : HHH000204: Processing PersistenceUnitInfo [name: default]
2021-08-22 14:28:26.532  INFO 24184 --- [main] org.hibernate.Version                    : HHH000412: Hibernate ORM core version 5.4.32.Final
2021-08-22 14:28:26.657  INFO 24184 --- [main] o.hibernate.annotations.common.Version   : HCANN000001: Hibernate Commons Annotations {5.1.2.Final}
2021-08-22 14:28:26.797  INFO 24184 --- [main] com.zaxxer.hikari.HikariDataSource       : HikariPool-1 - Starting...
2021-08-22 14:28:27.149  INFO 24184 --- [main] com.zaxxer.hikari.HikariDataSource       : HikariPool-1 - Start completed.
2021-08-22 14:28:27.180  INFO 24184 --- [main] org.hibernate.dialect.Dialect            : HHH000400: Using dialect: org.hibernate.dialect.MySQL8Dialect
2021-08-22 14:28:27.900  INFO 24184 --- [main] o.h.e.t.j.p.i.JtaPlatformInitiator       : HHH000490: Using JtaPlatform implementation: [org.hibernate.engine.transaction.jta.platform.internal.NoJtaPlatform]
2021-08-22 14:28:27.900  INFO 24184 --- [main] j.LocalContainerEntityManagerFactoryBean : Initialized JPA EntityManagerFactory for persistence unit 'default'
2021-08-22 14:28:29.059  INFO 24184 --- [main] o.a.c.c.C.[Tomcat].[localhost].[/]       : Initializing Spring TestDispatcherServlet ''
2021-08-22 14:28:29.059  INFO 24184 --- [main] o.s.t.web.servlet.TestDispatcherServlet  : Initializing Servlet ''
2021-08-22 14:28:29.059  INFO 24184 --- [main] o.s.t.web.servlet.TestDispatcherServlet  : Completed initialization in 0 ms
2021-08-22 14:28:29.121  INFO 24184 --- [main] o.s.b.w.embedded.tomcat.TomcatWebServer  : Tomcat started on port(s): 50179 (http) with context path ''
2021-08-22 14:28:29.121  INFO 24184 --- [main] c.e.d.IntegerationTests.EmployeeTests    : Started EmployeeTests in 5.138 seconds (JVM running for 6.36)
2021-08-22 14:29:07.624  INFO 24184 --- [SpringApplicationShutdownHook] j.LocalContainerEntityManagerFactoryBean : Closing JPA EntityManagerFactory for persistence unit 'default'
2021-08-22 14:29:07.624  INFO 24184 --- [SpringApplicationShutdownHook] com.zaxxer.hikari.HikariDataSource       : HikariPool-1 - Shutdown initiated...
2021-08-22 14:29:07.640  INFO 24184 --- [SpringApplicationShutdownHook] com.zaxxer.hikari.HikariDataSource       : HikariPool-1 - Shutdown completed.
2021-08-22 14:29:12.461  INFO 17828 --- [main] c.e.d.IntegerationTests.EmployeeTests    : Starting EmployeeTests using Java 16.0.2 on DESKTOP-6JICA1R with PID 17828 (started by Nada Eletr in E:\phase1 Orange kabs'\HR-System-SpringBoot)
2021-08-22 14:29:12.461  INFO 17828 --- [main] c.e.d.IntegerationTests.EmployeeTests    : No active profile set, falling back to default profiles: default
2021-08-22 14:29:13.156  INFO 17828 --- [main] .s.d.r.c.RepositoryConfigurationDelegate : Bootstrapping Spring Data JPA repositories in DEFAULT mode.
2021-08-22 14:29:13.219  INFO 17828 --- [main] .s.d.r.c.RepositoryConfigurationDelegate : Finished Spring Data repository scanning in 54 ms. Found 3 JPA repository interfaces.
2021-08-22 14:29:13.940  INFO 17828 --- [main] o.s.b.w.embedded.tomcat.TomcatWebServer  : Tomcat initialized with port(s): 0 (http)
2021-08-22 14:29:13.940  INFO 17828 --- [main] o.apache.catalina.core.StandardService   : Starting service [Tomcat]
2021-08-22 14:29:13.956  INFO 17828 --- [main] org.apache.catalina.core.StandardEngine  : Starting Servlet engine: [Apache Tomcat/9.0.50]
2021-08-22 14:29:14.050  INFO 17828 --- [main] o.a.c.c.C.[Tomcat].[localhost].[/]       : Initializing Spring embedded WebApplicationContext
2021-08-22 14:29:14.050  INFO 17828 --- [main] w.s.c.ServletWebServerApplicationContext : Root WebApplicationContext: initialization completed in 1557 ms
2021-08-22 14:29:14.359  INFO 17828 --- [main] o.hibernate.jpa.internal.util.LogHelper  : HHH000204: Processing PersistenceUnitInfo [name: default]
2021-08-22 14:29:14.405  INFO 17828 --- [main] org.hibernate.Version                    : HHH000412: Hibernate ORM core version 5.4.32.Final
2021-08-22 14:29:14.546  INFO 17828 --- [main] o.hibernate.annotations.common.Version   : HCANN000001: Hibernate Commons Annotations {5.1.2.Final}
2021-08-22 14:29:14.655  INFO 17828 --- [main] com.zaxxer.hikari.HikariDataSource       : HikariPool-1 - Starting...
2021-08-22 14:29:14.999  INFO 17828 --- [main] com.zaxxer.hikari.HikariDataSource       : HikariPool-1 - Start completed.
2021-08-22 14:29:15.030  INFO 17828 --- [main] org.hibernate.dialect.Dialect            : HHH000400: Using dialect: org.hibernate.dialect.MySQL8Dialect
2021-08-22 14:29:15.827  INFO 17828 --- [main] o.h.e.t.j.p.i.JtaPlatformInitiator       : HHH000490: Using JtaPlatform implementation: [org.hibernate.engine.transaction.jta.platform.internal.NoJtaPlatform]
2021-08-22 14:29:15.827  INFO 17828 --- [main] j.LocalContainerEntityManagerFactoryBean : Initialized JPA EntityManagerFactory for persistence unit 'default'
2021-08-22 14:29:17.298  INFO 17828 --- [main] o.a.c.c.C.[Tomcat].[localhost].[/]       : Initializing Spring TestDispatcherServlet ''
2021-08-22 14:29:17.298  INFO 17828 --- [main] o.s.t.web.servlet.TestDispatcherServlet  : Initializing Servlet ''
2021-08-22 14:29:17.298  INFO 17828 --- [main] o.s.t.web.servlet.TestDispatcherServlet  : Completed initialization in 0 ms
2021-08-22 14:29:17.360  INFO 17828 --- [main] o.s.b.w.embedded.tomcat.TomcatWebServer  : Tomcat started on port(s): 50197 (http) with context path ''
2021-08-22 14:29:17.360  INFO 17828 --- [main] c.e.d.IntegerationTests.EmployeeTests    : Started EmployeeTests in 5.295 seconds (JVM running for 6.519)
2021-08-22 14:29:35.906  INFO 17828 --- [SpringApplicationShutdownHook] j.LocalContainerEntityManagerFactoryBean : Closing JPA EntityManagerFactory for persistence unit 'default'
2021-08-22 14:29:35.906  INFO 17828 --- [SpringApplicationShutdownHook] com.zaxxer.hikari.HikariDataSource       : HikariPool-1 - Shutdown initiated...
2021-08-22 14:29:35.922  INFO 17828 --- [SpringApplicationShutdownHook] com.zaxxer.hikari.HikariDataSource       : HikariPool-1 - Shutdown completed.
2021-08-22 14:30:01.018  INFO 23524 --- [main] c.e.d.IntegerationTests.EmployeeTests    : Starting EmployeeTests using Java 16.0.2 on DESKTOP-6JICA1R with PID 23524 (started by Nada Eletr in E:\phase1 Orange kabs'\HR-System-SpringBoot)
2021-08-22 14:30:01.018  INFO 23524 --- [main] c.e.d.IntegerationTests.EmployeeTests    : No active profile set, falling back to default profiles: default
2021-08-22 14:30:01.716  INFO 23524 --- [main] .s.d.r.c.RepositoryConfigurationDelegate : Bootstrapping Spring Data JPA repositories in DEFAULT mode.
2021-08-22 14:30:01.779  INFO 23524 --- [main] .s.d.r.c.RepositoryConfigurationDelegate : Finished Spring Data repository scanning in 54 ms. Found 3 JPA repository interfaces.
2021-08-22 14:30:02.542  INFO 23524 --- [main] o.s.b.w.embedded.tomcat.TomcatWebServer  : Tomcat initialized with port(s): 0 (http)
2021-08-22 14:30:02.542  INFO 23524 --- [main] o.apache.catalina.core.StandardService   : Starting service [Tomcat]
2021-08-22 14:30:02.542  INFO 23524 --- [main] org.apache.catalina.core.StandardEngine  : Starting Servlet engine: [Apache Tomcat/9.0.50]
2021-08-22 14:30:02.651  INFO 23524 --- [main] o.a.c.c.C.[Tomcat].[localhost].[/]       : Initializing Spring embedded WebApplicationContext
2021-08-22 14:30:02.651  INFO 23524 --- [main] w.s.c.ServletWebServerApplicationContext : Root WebApplicationContext: initialization completed in 1617 ms
2021-08-22 14:30:02.942  INFO 23524 --- [main] o.hibernate.jpa.internal.util.LogHelper  : HHH000204: Processing PersistenceUnitInfo [name: default]
2021-08-22 14:30:03.005  INFO 23524 --- [main] org.hibernate.Version                    : HHH000412: Hibernate ORM core version 5.4.32.Final
2021-08-22 14:30:03.130  INFO 23524 --- [main] o.hibernate.annotations.common.Version   : HCANN000001: Hibernate Commons Annotations {5.1.2.Final}
2021-08-22 14:30:03.255  INFO 23524 --- [main] com.zaxxer.hikari.HikariDataSource       : HikariPool-1 - Starting...
2021-08-22 14:30:03.567  INFO 23524 --- [main] com.zaxxer.hikari.HikariDataSource       : HikariPool-1 - Start completed.
2021-08-22 14:30:03.599  INFO 23524 --- [main] org.hibernate.dialect.Dialect            : HHH000400: Using dialect: org.hibernate.dialect.MySQL8Dialect
2021-08-22 14:30:04.295  INFO 23524 --- [main] o.h.e.t.j.p.i.JtaPlatformInitiator       : HHH000490: Using JtaPlatform implementation: [org.hibernate.engine.transaction.jta.platform.internal.NoJtaPlatform]
2021-08-22 14:30:04.311  INFO 23524 --- [main] j.LocalContainerEntityManagerFactoryBean : Initialized JPA EntityManagerFactory for persistence unit 'default'
2021-08-22 14:30:05.429  INFO 23524 --- [main] o.a.c.c.C.[Tomcat].[localhost].[/]       : Initializing Spring TestDispatcherServlet ''
2021-08-22 14:30:05.429  INFO 23524 --- [main] o.s.t.web.servlet.TestDispatcherServlet  : Initializing Servlet ''
2021-08-22 14:30:05.429  INFO 23524 --- [main] o.s.t.web.servlet.TestDispatcherServlet  : Completed initialization in 0 ms
2021-08-22 14:30:05.476  INFO 23524 --- [main] o.s.b.w.embedded.tomcat.TomcatWebServer  : Tomcat started on port(s): 50215 (http) with context path ''
2021-08-22 14:30:05.491  INFO 23524 --- [main] c.e.d.IntegerationTests.EmployeeTests    : Started EmployeeTests in 4.886 seconds (JVM running for 6.161)
2021-08-22 14:30:26.688  INFO 23524 --- [SpringApplicationShutdownHook] j.LocalContainerEntityManagerFactoryBean : Closing JPA EntityManagerFactory for persistence unit 'default'
2021-08-22 14:30:26.688  INFO 23524 --- [SpringApplicationShutdownHook] com.zaxxer.hikari.HikariDataSource       : HikariPool-1 - Shutdown initiated...
2021-08-22 14:30:26.688  INFO 23524 --- [SpringApplicationShutdownHook] com.zaxxer.hikari.HikariDataSource       : HikariPool-1 - Shutdown completed.
2021-08-22 14:30:43.697  INFO 22204 --- [main] c.e.d.IntegerationTests.EmployeeTests    : Starting EmployeeTests using Java 16.0.2 on DESKTOP-6JICA1R with PID 22204 (started by Nada Eletr in E:\phase1 Orange kabs'\HR-System-SpringBoot)
2021-08-22 14:30:43.713  INFO 22204 --- [main] c.e.d.IntegerationTests.EmployeeTests    : No active profile set, falling back to default profiles: default
2021-08-22 14:30:44.373  INFO 22204 --- [main] .s.d.r.c.RepositoryConfigurationDelegate : Bootstrapping Spring Data JPA repositories in DEFAULT mode.
2021-08-22 14:30:44.435  INFO 22204 --- [main] .s.d.r.c.RepositoryConfigurationDelegate : Finished Spring Data repository scanning in 53 ms. Found 3 JPA repository interfaces.
2021-08-22 14:30:45.163  INFO 22204 --- [main] o.s.b.w.embedded.tomcat.TomcatWebServer  : Tomcat initialized with port(s): 0 (http)
2021-08-22 14:30:45.163  INFO 22204 --- [main] o.apache.catalina.core.StandardService   : Starting service [Tomcat]
2021-08-22 14:30:45.163  INFO 22204 --- [main] org.apache.catalina.core.StandardEngine  : Starting Servlet engine: [Apache Tomcat/9.0.50]
2021-08-22 14:30:45.272  INFO 22204 --- [main] o.a.c.c.C.[Tomcat].[localhost].[/]       : Initializing Spring embedded WebApplicationContext
2021-08-22 14:30:45.272  INFO 22204 --- [main] w.s.c.ServletWebServerApplicationContext : Root WebApplicationContext: initialization completed in 1542 ms
2021-08-22 14:30:45.585  INFO 22204 --- [main] o.hibernate.jpa.internal.util.LogHelper  : HHH000204: Processing PersistenceUnitInfo [name: default]
2021-08-22 14:30:45.632  INFO 22204 --- [main] org.hibernate.Version                    : HHH000412: Hibernate ORM core version 5.4.32.Final
2021-08-22 14:30:45.772  INFO 22204 --- [main] o.hibernate.annotations.common.Version   : HCANN000001: Hibernate Commons Annotations {5.1.2.Final}
2021-08-22 14:30:45.882  INFO 22204 --- [main] com.zaxxer.hikari.HikariDataSource       : HikariPool-1 - Starting...
2021-08-22 14:30:46.218  INFO 22204 --- [main] com.zaxxer.hikari.HikariDataSource       : HikariPool-1 - Start completed.
2021-08-22 14:30:46.249  INFO 22204 --- [main] org.hibernate.dialect.Dialect            : HHH000400: Using dialect: org.hibernate.dialect.MySQL8Dialect
2021-08-22 14:30:46.937  INFO 22204 --- [main] o.h.e.t.j.p.i.JtaPlatformInitiator       : HHH000490: Using JtaPlatform implementation: [org.hibernate.engine.transaction.jta.platform.internal.NoJtaPlatform]
2021-08-22 14:30:46.937  INFO 22204 --- [main] j.LocalContainerEntityManagerFactoryBean : Initialized JPA EntityManagerFactory for persistence unit 'default'
2021-08-22 14:30:48.079  INFO 22204 --- [main] o.a.c.c.C.[Tomcat].[localhost].[/]       : Initializing Spring TestDispatcherServlet ''
2021-08-22 14:30:48.079  INFO 22204 --- [main] o.s.t.web.servlet.TestDispatcherServlet  : Initializing Servlet ''
2021-08-22 14:30:48.079  INFO 22204 --- [main] o.s.t.web.servlet.TestDispatcherServlet  : Completed initialization in 0 ms
2021-08-22 14:30:48.159  INFO 22204 --- [main] o.s.b.w.embedded.tomcat.TomcatWebServer  : Tomcat started on port(s): 50233 (http) with context path ''
2021-08-22 14:30:48.174  INFO 22204 --- [main] c.e.d.IntegerationTests.EmployeeTests    : Started EmployeeTests in 4.873 seconds (JVM running for 6.096)
2021-08-22 14:32:27.927  INFO 22204 --- [SpringApplicationShutdownHook] j.LocalContainerEntityManagerFactoryBean : Closing JPA EntityManagerFactory for persistence unit 'default'
2021-08-22 14:32:27.927  INFO 22204 --- [SpringApplicationShutdownHook] com.zaxxer.hikari.HikariDataSource       : HikariPool-1 - Shutdown initiated...
2021-08-22 14:32:27.942  INFO 22204 --- [SpringApplicationShutdownHook] com.zaxxer.hikari.HikariDataSource       : HikariPool-1 - Shutdown completed.
2021-08-22 14:44:44.976  INFO 11436 --- [main] c.e.d.IntegerationTests.EmployeeTests    : Starting EmployeeTests using Java 16.0.2 on DESKTOP-6JICA1R with PID 11436 (started by Nada Eletr in E:\phase1 Orange kabs'\HR-System-SpringBoot)
2021-08-22 14:44:44.991  INFO 11436 --- [main] c.e.d.IntegerationTests.EmployeeTests    : No active profile set, falling back to default profiles: default
2021-08-22 14:44:45.547  INFO 11436 --- [main] .s.d.r.c.RepositoryConfigurationDelegate : Bootstrapping Spring Data JPA repositories in DEFAULT mode.
2021-08-22 14:44:45.609  INFO 11436 --- [main] .s.d.r.c.RepositoryConfigurationDelegate : Finished Spring Data repository scanning in 52 ms. Found 3 JPA repository interfaces.
2021-08-22 14:44:46.327  INFO 11436 --- [main] o.s.b.w.embedded.tomcat.TomcatWebServer  : Tomcat initialized with port(s): 0 (http)
2021-08-22 14:44:46.327  INFO 11436 --- [main] o.apache.catalina.core.StandardService   : Starting service [Tomcat]
2021-08-22 14:44:46.327  INFO 11436 --- [main] org.apache.catalina.core.StandardEngine  : Starting Servlet engine: [Apache Tomcat/9.0.50]
2021-08-22 14:44:46.467  INFO 11436 --- [main] o.a.c.c.C.[Tomcat].[localhost].[/]       : Initializing Spring embedded WebApplicationContext
2021-08-22 14:44:46.467  INFO 11436 --- [main] w.s.c.ServletWebServerApplicationContext : Root WebApplicationContext: initialization completed in 1468 ms
2021-08-22 14:44:46.749  INFO 11436 --- [main] o.hibernate.jpa.internal.util.LogHelper  : HHH000204: Processing PersistenceUnitInfo [name: default]
2021-08-22 14:44:46.812  INFO 11436 --- [main] org.hibernate.Version                    : HHH000412: Hibernate ORM core version 5.4.32.Final
2021-08-22 14:44:46.937  INFO 11436 --- [main] o.hibernate.annotations.common.Version   : HCANN000001: Hibernate Commons Annotations {5.1.2.Final}
2021-08-22 14:44:47.047  INFO 11436 --- [main] com.zaxxer.hikari.HikariDataSource       : HikariPool-1 - Starting...
2021-08-22 14:44:47.367  INFO 11436 --- [main] com.zaxxer.hikari.HikariDataSource       : HikariPool-1 - Start completed.
2021-08-22 14:44:47.398  INFO 11436 --- [main] org.hibernate.dialect.Dialect            : HHH000400: Using dialect: org.hibernate.dialect.MySQL8Dialect
2021-08-22 14:44:48.009  INFO 11436 --- [main] o.h.e.t.j.p.i.JtaPlatformInitiator       : HHH000490: Using JtaPlatform implementation: [org.hibernate.engine.transaction.jta.platform.internal.NoJtaPlatform]
2021-08-22 14:44:48.024  INFO 11436 --- [main] j.LocalContainerEntityManagerFactoryBean : Initialized JPA EntityManagerFactory for persistence unit 'default'
2021-08-22 14:44:48.996  INFO 11436 --- [main] o.a.c.c.C.[Tomcat].[localhost].[/]       : Initializing Spring TestDispatcherServlet ''
2021-08-22 14:44:48.996  INFO 11436 --- [main] o.s.t.web.servlet.TestDispatcherServlet  : Initializing Servlet ''
2021-08-22 14:44:48.996  INFO 11436 --- [main] o.s.t.web.servlet.TestDispatcherServlet  : Completed initialization in 0 ms
2021-08-22 14:44:49.042  INFO 11436 --- [main] o.s.b.w.embedded.tomcat.TomcatWebServer  : Tomcat started on port(s): 50300 (http) with context path ''
2021-08-22 14:44:49.042  INFO 11436 --- [main] c.e.d.IntegerationTests.EmployeeTests    : Started EmployeeTests in 4.386 seconds (JVM running for 5.311)
2021-08-22 14:44:49.578  INFO 11436 --- [SpringApplicationShutdownHook] j.LocalContainerEntityManagerFactoryBean : Closing JPA EntityManagerFactory for persistence unit 'default'
2021-08-22 14:44:49.578  INFO 11436 --- [SpringApplicationShutdownHook] com.zaxxer.hikari.HikariDataSource       : HikariPool-1 - Shutdown initiated...
2021-08-22 14:44:49.578  INFO 11436 --- [SpringApplicationShutdownHook] com.zaxxer.hikari.HikariDataSource       : HikariPool-1 - Shutdown completed.
